[1706890914986] INFO  (ext): SQLTools is starting
[1706890915000] INFO  (ext): initializing language client...
[1706890915014] INFO  (ext): Registering client for languages [{"scheme":"sqltools"},{"language":"sql","scheme":"untitled"},{"language":"sql","scheme":"file"},{"language":"sql","scheme":"sqltools"}]
    ns: "lc"
[1706890915062] INFO  (ext): loading plugins...
[1706890915063] INFO  (ext): registering Formatter Plugin.
    plugin: {
      "name": "Formatter Plugin"
    }
[1706890915065] INFO  (ext): registering Connection Manager Plugin.
    plugin: {
      "name": "Connection Manager Plugin"
    }
[1706890915069] INFO  (ext): registering CodeLens Plugin.
    plugin: {
      "name": "CodeLens Plugin",
      "registeredLanguages": []
    }
[1706890915086] INFO  (ext): registering Dependency Manager Plugin.
    plugin: {
      "name": "Dependency Manager Plugin",
      "installingDrivers": []
    }
[1706890915096] INFO  (ext): Connection explorer changed. Will be updated.
    ns: "conn-man:explorer"
[1706890915097] INFO  (ext): registering History Manager Plugin.
    plugin: {
      "name": "History Manager Plugin"
    }
[1706890915098] INFO  (ext): registering Bookmarks Manager Plugin.
    plugin: {
      "name": "Bookmarks Manager Plugin"
    }
[1706890915100] INFO  (ext): registering Authentication Provider Plugin.
    plugin: {
      "name": "Authentication Provider Plugin",
      "isRegistered": false
    }
[1706890915102] INFO  (ext): registering Object Drop-in Provider (plugin).
    plugin: {
      "type": "plugin",
      "name": "Object Drop-in Provider",
      "isRegistered": false
    }
[1706890915105] INFO  (ext): SQLTools activation completed. 120.560601 ms
[1706890915106] INFO  (ext): Formatter Plugin registered!
[1706890915106] INFO  (ext): CodeLens Plugin registered!
[1706890915106] INFO  (ext): Dependency Manager Plugin registered!
[1706890915107] INFO  (ext): Connection Manager Plugin registered!
[1706890915107] INFO  (ext): History Manager Plugin registered!
[1706890915107] INFO  (ext): Bookmarks Manager Plugin registered!
[1706890915107] INFO  (ext): Authentication Provider Plugin registered!
[1706890915107] INFO  (ext): Object Drop-in Provider (plugin) registered!
[1706890915535] INFO  (ls): SQLTools Server started!
===============================
Using node runtime?: no
ExecPath: /root/.vscode-server/bin/8b3775030ed1a69b13e4f4c628c612102e30a681/node 
===============================
[1706890915562] INFO  (ext): LanguageClient ready
    ns: "lc"
[1706890915556] INFO  (ls): Initialized with node version:v18.15.0
[1706890916110] INFO  (ext): EXECUTING COMMAND => sqltools.refreshTree
[1706890916110] INFO  (ext): Connection explorer changed. Will be updated.
    ns: "conn-man:explorer"
[1706890917098] INFO  (ext): Connection explorer changed. Will be updated.
    ns: "conn-man:explorer"
