[1706891058771] INFO  (ext): SQLTools is starting
[1706891058778] INFO  (ext): initializing language client...
[1706891059060] INFO  (ext): Registering client for languages [{"scheme":"sqltools"},{"language":"sql","scheme":"untitled"},{"language":"sql","scheme":"file"},{"language":"sql","scheme":"sqltools"}]
    ns: "lc"
[1706891059245] INFO  (ext): loading plugins...
[1706891059246] INFO  (ext): registering Formatter Plugin.
    plugin: {
      "name": "Formatter Plugin"
    }
[1706891059275] INFO  (ext): registering Connection Manager Plugin.
    plugin: {
      "name": "Connection Manager Plugin"
    }
[1706891059288] INFO  (ext): registering CodeLens Plugin.
    plugin: {
      "name": "CodeLens Plugin",
      "registeredLanguages": []
    }
[1706891059373] INFO  (ext): registering Dependency Manager Plugin.
    plugin: {
      "name": "Dependency Manager Plugin",
      "installingDrivers": []
    }
[1706891059376] INFO  (ext): Connection explorer changed. Will be updated.
    ns: "conn-man:explorer"
[1706891059377] INFO  (ext): registering History Manager Plugin.
    plugin: {
      "name": "History Manager Plugin"
    }
[1706891059378] INFO  (ext): registering Bookmarks Manager Plugin.
    plugin: {
      "name": "Bookmarks Manager Plugin"
    }
[1706891059379] INFO  (ext): registering Authentication Provider Plugin.
    plugin: {
      "name": "Authentication Provider Plugin",
      "isRegistered": false
    }
[1706891059380] INFO  (ext): registering Object Drop-in Provider (plugin).
    plugin: {
      "type": "plugin",
      "name": "Object Drop-in Provider",
      "isRegistered": false
    }
[1706891059383] INFO  (ext): SQLTools activation completed. 611.138703 ms
[1706891059383] INFO  (ext): Formatter Plugin registered!
[1706891059384] INFO  (ext): CodeLens Plugin registered!
[1706891059384] INFO  (ext): Dependency Manager Plugin registered!
[1706891059384] INFO  (ext): Connection Manager Plugin registered!
[1706891059384] INFO  (ext): History Manager Plugin registered!
[1706891059384] INFO  (ext): Bookmarks Manager Plugin registered!
[1706891059384] INFO  (ext): Authentication Provider Plugin registered!
[1706891059384] INFO  (ext): Object Drop-in Provider (plugin) registered!
[1706891060800] INFO  (ext): EXECUTING COMMAND => sqltools.refreshTree
[1706891060801] INFO  (ext): Connection explorer changed. Will be updated.
    ns: "conn-man:explorer"
[1706891060801] INFO  (ls): SQLTools Server started!
===============================
Using node runtime?: no
ExecPath: /root/.vscode-server/bin/05047486b6df5eb8d44b2ecd70ea3bdf775fd937/node 
===============================
[1706891061222] INFO  (ext): LanguageClient ready
    ns: "lc"
[1706891061184] INFO  (ls): Initialized with node version:v18.17.1
[1706891061605] INFO  (ext): Connection explorer changed. Will be updated.
    ns: "conn-man:explorer"
