[1707356422166] INFO  (ext): SQLTools is starting
[1707356422169] INFO  (ext): initializing language client...
[1707356422231] INFO  (ext): Registering client for languages [{"scheme":"sqltools"},{"language":"sql","scheme":"untitled"},{"language":"sql","scheme":"file"},{"language":"sql","scheme":"sqltools"}]
    ns: "lc"
[1707356422247] INFO  (ext): loading plugins...
[1707356422247] INFO  (ext): registering Formatter Plugin.
    plugin: {
      "name": "Formatter Plugin"
    }
[1707356422248] INFO  (ext): registering Connection Manager Plugin.
    plugin: {
      "name": "Connection Manager Plugin"
    }
[1707356422248] INFO  (ext): registering CodeLens Plugin.
    plugin: {
      "name": "CodeLens Plugin",
      "registeredLanguages": []
    }
[1707356422252] INFO  (ext): registering Dependency Manager Plugin.
    plugin: {
      "name": "Dependency Manager Plugin",
      "installingDrivers": []
    }
[1707356422261] INFO  (ext): Connection explorer changed. Will be updated.
    ns: "conn-man:explorer"
[1707356422262] INFO  (ext): registering History Manager Plugin.
    plugin: {
      "name": "History Manager Plugin"
    }
[1707356422263] INFO  (ext): registering Bookmarks Manager Plugin.
    plugin: {
      "name": "Bookmarks Manager Plugin"
    }
[1707356422264] INFO  (ext): registering Authentication Provider Plugin.
    plugin: {
      "name": "Authentication Provider Plugin",
      "isRegistered": false
    }
[1707356422264] INFO  (ext): registering Object Drop-in Provider (plugin).
    plugin: {
      "type": "plugin",
      "name": "Object Drop-in Provider",
      "isRegistered": false
    }
[1707356422265] INFO  (ext): SQLTools activation completed. 98.824592 ms
[1707356422266] INFO  (ext): Formatter Plugin registered!
[1707356422266] INFO  (ext): CodeLens Plugin registered!
[1707356422266] INFO  (ext): Dependency Manager Plugin registered!
[1707356422266] INFO  (ext): Connection Manager Plugin registered!
[1707356422266] INFO  (ext): History Manager Plugin registered!
[1707356422266] INFO  (ext): Bookmarks Manager Plugin registered!
[1707356422266] INFO  (ext): Authentication Provider Plugin registered!
[1707356422266] INFO  (ext): Object Drop-in Provider (plugin) registered!
[1707356422764] INFO  (ls): SQLTools Server started!
===============================
Using node runtime?: no
ExecPath: /root/.vscode-server/bin/05047486b6df5eb8d44b2ecd70ea3bdf775fd937/node 
===============================
[1707356423359] INFO  (ext): LanguageClient ready
    ns: "lc"
[1707356423361] INFO  (ext): EXECUTING COMMAND => sqltools.refreshTree
[1707356423361] INFO  (ext): Connection explorer changed. Will be updated.
    ns: "conn-man:explorer"
[1707356423357] INFO  (ls): Initialized with node version:v18.17.1
[1707356424275] INFO  (ext): Connection explorer changed. Will be updated.
    ns: "conn-man:explorer"
