2024-02-05 09:05:37.277 [info] Extension host with pid 617 started
2024-02-05 09:05:37.295 [info] Lock '/root/.vscode-server/data/User/workspaceStorage/7357c8406dd7ab776bfe1fd154ad47e5/vscode.lock': Lock acquired.
2024-02-05 09:05:37.433 [info] ExtensionService#_doActivateExtension vscode.git-base, startup: true, activationEvent: '*', root cause: vscode.git
2024-02-05 09:05:37.438 [info] ExtensionService#_doActivateExtension michelemelluso.code-beautifier, startup: true, activationEvent: '*'
2024-02-05 09:05:37.438 [info] ExtensionService#_doActivateExtension mtxr.sqltools, startup: true, activationEvent: '*'
2024-02-05 09:05:37.438 [info] ExtensionService#_doActivateExtension oderwat.indent-rainbow, startup: true, activationEvent: '*'
2024-02-05 09:05:37.439 [info] ExtensionService#_doActivateExtension TzachOvadia.todo-list, startup: true, activationEvent: '*'
2024-02-05 09:05:37.941 [info] ExtensionService#_doActivateExtension vscode.git, startup: true, activationEvent: '*'
2024-02-05 09:05:37.942 [info] ExtensionService#_doActivateExtension vscode.github, startup: true, activationEvent: '*'
2024-02-05 09:05:38.580 [info] ExtensionService#_doActivateExtension pranaygp.vscode-css-peek, startup: true, activationEvent: 'workspaceContains:**/*.css,**/*.scss,**/*.sass,**/*.less'
2024-02-05 09:05:39.699 [info] Eager extensions activated
2024-02-05 09:05:39.701 [info] ExtensionService#_doActivateExtension vscode.debug-auto-launch, startup: false, activationEvent: 'onStartupFinished'
2024-02-05 09:05:39.703 [info] ExtensionService#_doActivateExtension vscode.merge-conflict, startup: false, activationEvent: 'onStartupFinished'
2024-02-05 09:05:39.712 [info] ExtensionService#_doActivateExtension dbaeumer.vscode-eslint, startup: false, activationEvent: 'onStartupFinished'
2024-02-05 09:05:39.713 [info] ExtensionService#_doActivateExtension eamodio.gitlens, startup: false, activationEvent: 'onStartupFinished'
2024-02-05 09:05:39.714 [info] ExtensionService#_doActivateExtension esbenp.prettier-vscode, startup: false, activationEvent: 'onStartupFinished'
2024-02-05 09:05:39.715 [info] ExtensionService#_doActivateExtension ritwickdey.LiveServer, startup: false, activationEvent: 'onStartupFinished'
2024-02-05 09:05:39.716 [info] ExtensionService#_doActivateExtension streetsidesoftware.code-spell-checker, startup: false, activationEvent: 'onStartupFinished'
2024-02-05 09:05:40.442 [info] ExtensionService#_doActivateExtension ms-vsliveshare.vsliveshare, startup: false, activationEvent: 'api', root cause: ritwickdey.LiveServer
2024-02-05 09:06:10.101 [info] Extension host terminating: received terminate message from renderer
2024-02-05 09:06:10.104 [info] Lock '/root/.vscode-server/data/User/workspaceStorage/7357c8406dd7ab776bfe1fd154ad47e5/vscode.lock': Marking the lockfile as scheduled to be released in 6000 ms.
2024-02-05 09:06:10.232 [error] Canceled: Canceled
	at new f (/root/.vscode-server/bin/05047486b6df5eb8d44b2ecd70ea3bdf775fd937/out/vs/workbench/api/node/extensionHostProcess.js:140:45069)
	at d.U (/root/.vscode-server/bin/05047486b6df5eb8d44b2ecd70ea3bdf775fd937/out/vs/workbench/api/node/extensionHostProcess.js:147:5557)
	at T.<computed>.O.charCodeAt.T.<computed> (/root/.vscode-server/bin/05047486b6df5eb8d44b2ecd70ea3bdf775fd937/out/vs/workbench/api/node/extensionHostProcess.js:147:3008)
	at s.g (/root/.vscode-server/bin/05047486b6df5eb8d44b2ecd70ea3bdf775fd937/out/vs/workbench/api/node/extensionHostProcess.js:150:174704)
	at s.executeCommand (/root/.vscode-server/bin/05047486b6df5eb8d44b2ecd70ea3bdf775fd937/out/vs/workbench/api/node/extensionHostProcess.js:150:174142)
	at m.registerCommand.description (/root/.vscode-server/bin/05047486b6df5eb8d44b2ecd70ea3bdf775fd937/out/vs/workbench/api/node/extensionHostProcess.js:150:173466)
	at s.h (/root/.vscode-server/bin/05047486b6df5eb8d44b2ecd70ea3bdf775fd937/out/vs/workbench/api/node/extensionHostProcess.js:150:175243)
	at s.g (/root/.vscode-server/bin/05047486b6df5eb8d44b2ecd70ea3bdf775fd937/out/vs/workbench/api/node/extensionHostProcess.js:150:174235)
	at s.executeCommand (/root/.vscode-server/bin/05047486b6df5eb8d44b2ecd70ea3bdf775fd937/out/vs/workbench/api/node/extensionHostProcess.js:150:174142)
	at Object.executeCommand (/root/.vscode-server/bin/05047486b6df5eb8d44b2ecd70ea3bdf775fd937/out/vs/workbench/api/node/extensionHostProcess.js:160:21634)
	at w (/root/.vscode-server/extensions/eamodio.gitlens-14.7.0/dist/gitlens.js:1077:40655)
	at h (/root/.vscode-server/extensions/eamodio.gitlens-14.7.0/dist/gitlens.js:1077:45702)
	at ActionRunners._updateContextKeys (/root/.vscode-server/extensions/eamodio.gitlens-14.7.0/dist/gitlens.js:663:17573)
	at s (/root/.vscode-server/extensions/eamodio.gitlens-14.7.0/dist/gitlens.js:663:16017)
	at RegisteredActionRunner.unregister (/root/.vscode-server/extensions/eamodio.gitlens-14.7.0/dist/gitlens.js:663:16160)
	at RegisteredActionRunner.dispose (/root/.vscode-server/extensions/eamodio.gitlens-14.7.0/dist/gitlens.js:663:14813)
	at ActionRunners.dispose (/root/.vscode-server/extensions/eamodio.gitlens-14.7.0/dist/gitlens.js:663:15600)
	at /root/.vscode-server/extensions/eamodio.gitlens-14.7.0/dist/gitlens.js:1037:19287
	at Array.forEach (<anonymous>)
	at Object.dispose (/root/.vscode-server/extensions/eamodio.gitlens-14.7.0/dist/gitlens.js:1037:19269)
	at o (/root/.vscode-server/bin/05047486b6df5eb8d44b2ecd70ea3bdf775fd937/out/vs/workbench/api/node/extensionHostProcess.js:30:754)
	at g.cb (/root/.vscode-server/bin/05047486b6df5eb8d44b2ecd70ea3bdf775fd937/out/vs/workbench/api/node/extensionHostProcess.js:156:9874)
	at /root/.vscode-server/bin/05047486b6df5eb8d44b2ecd70ea3bdf775fd937/out/vs/workbench/api/node/extensionHostProcess.js:156:7808
	at Array.map (<anonymous>)
	at g.Y (/root/.vscode-server/bin/05047486b6df5eb8d44b2ecd70ea3bdf775fd937/out/vs/workbench/api/node/extensionHostProcess.js:156:7795)
	at g.terminate (/root/.vscode-server/bin/05047486b6df5eb8d44b2ecd70ea3bdf775fd937/out/vs/workbench/api/node/extensionHostProcess.js:156:8068)
	at o.terminate (/root/.vscode-server/bin/05047486b6df5eb8d44b2ecd70ea3bdf775fd937/out/vs/workbench/api/node/extensionHostProcess.js:160:1513)
	at t (/root/.vscode-server/bin/05047486b6df5eb8d44b2ecd70ea3bdf775fd937/out/vs/workbench/api/node/extensionHostProcess.js:173:9950)
	at g.value (/root/.vscode-server/bin/05047486b6df5eb8d44b2ecd70ea3bdf775fd937/out/vs/workbench/api/node/extensionHostProcess.js:173:7997)
	at r.y (/root/.vscode-server/bin/05047486b6df5eb8d44b2ecd70ea3bdf775fd937/out/vs/workbench/api/node/extensionHostProcess.js:80:1902)
	at r.fire (/root/.vscode-server/bin/05047486b6df5eb8d44b2ecd70ea3bdf775fd937/out/vs/workbench/api/node/extensionHostProcess.js:80:2119)
	at n.fire (/root/.vscode-server/bin/05047486b6df5eb8d44b2ecd70ea3bdf775fd937/out/vs/workbench/api/node/extensionHostProcess.js:105:14073)
	at s.z (/root/.vscode-server/bin/05047486b6df5eb8d44b2ecd70ea3bdf775fd937/out/vs/workbench/api/node/extensionHostProcess.js:105:17138)
	at g.value (/root/.vscode-server/bin/05047486b6df5eb8d44b2ecd70ea3bdf775fd937/out/vs/workbench/api/node/extensionHostProcess.js:105:15590)
	at r.y (/root/.vscode-server/bin/05047486b6df5eb8d44b2ecd70ea3bdf775fd937/out/vs/workbench/api/node/extensionHostProcess.js:80:1902)
	at r.fire (/root/.vscode-server/bin/05047486b6df5eb8d44b2ecd70ea3bdf775fd937/out/vs/workbench/api/node/extensionHostProcess.js:80:2119)
	at g.acceptChunk (/root/.vscode-server/bin/05047486b6df5eb8d44b2ecd70ea3bdf775fd937/out/vs/workbench/api/node/extensionHostProcess.js:105:11847)
	at g.value (/root/.vscode-server/bin/05047486b6df5eb8d44b2ecd70ea3bdf775fd937/out/vs/workbench/api/node/extensionHostProcess.js:105:11134)
	at r.y (/root/.vscode-server/bin/05047486b6df5eb8d44b2ecd70ea3bdf775fd937/out/vs/workbench/api/node/extensionHostProcess.js:80:1902)
	at r.fire (/root/.vscode-server/bin/05047486b6df5eb8d44b2ecd70ea3bdf775fd937/out/vs/workbench/api/node/extensionHostProcess.js:80:2119)
	at r.z (/root/.vscode-server/bin/05047486b6df5eb8d44b2ecd70ea3bdf775fd937/out/vs/workbench/api/node/extensionHostProcess.js:170:19768)
	at r.acceptFrame (/root/.vscode-server/bin/05047486b6df5eb8d44b2ecd70ea3bdf775fd937/out/vs/workbench/api/node/extensionHostProcess.js:170:19574)
	at i.n (/root/.vscode-server/bin/05047486b6df5eb8d44b2ecd70ea3bdf775fd937/out/vs/workbench/api/node/extensionHostProcess.js:170:18073)
	at /root/.vscode-server/bin/05047486b6df5eb8d44b2ecd70ea3bdf775fd937/out/vs/workbench/api/node/extensionHostProcess.js:170:15293
	at Socket.y (/root/.vscode-server/bin/05047486b6df5eb8d44b2ecd70ea3bdf775fd937/out/vs/workbench/api/node/extensionHostProcess.js:170:13198)
	at Socket.emit (node:events:514:28)
	at addChunk (node:internal/streams/readable:324:12)
	at readableAddChunk (node:internal/streams/readable:297:9)
	at Readable.push (node:internal/streams/readable:234:10)
	at TCP.onStreamRead (node:internal/stream_base_commons:190:23) setContext undefined
2024-02-05 09:06:10.233 [error] Canceled: Canceled
	at new f (/root/.vscode-server/bin/05047486b6df5eb8d44b2ecd70ea3bdf775fd937/out/vs/workbench/api/node/extensionHostProcess.js:140:45069)
	at d.U (/root/.vscode-server/bin/05047486b6df5eb8d44b2ecd70ea3bdf775fd937/out/vs/workbench/api/node/extensionHostProcess.js:147:5557)
	at T.<computed>.O.charCodeAt.T.<computed> (/root/.vscode-server/bin/05047486b6df5eb8d44b2ecd70ea3bdf775fd937/out/vs/workbench/api/node/extensionHostProcess.js:147:3008)
	at s.g (/root/.vscode-server/bin/05047486b6df5eb8d44b2ecd70ea3bdf775fd937/out/vs/workbench/api/node/extensionHostProcess.js:150:174704)
	at s.executeCommand (/root/.vscode-server/bin/05047486b6df5eb8d44b2ecd70ea3bdf775fd937/out/vs/workbench/api/node/extensionHostProcess.js:150:174142)
	at m.registerCommand.description (/root/.vscode-server/bin/05047486b6df5eb8d44b2ecd70ea3bdf775fd937/out/vs/workbench/api/node/extensionHostProcess.js:150:173466)
	at s.h (/root/.vscode-server/bin/05047486b6df5eb8d44b2ecd70ea3bdf775fd937/out/vs/workbench/api/node/extensionHostProcess.js:150:175243)
	at s.g (/root/.vscode-server/bin/05047486b6df5eb8d44b2ecd70ea3bdf775fd937/out/vs/workbench/api/node/extensionHostProcess.js:150:174235)
	at s.executeCommand (/root/.vscode-server/bin/05047486b6df5eb8d44b2ecd70ea3bdf775fd937/out/vs/workbench/api/node/extensionHostProcess.js:150:174142)
	at Object.executeCommand (/root/.vscode-server/bin/05047486b6df5eb8d44b2ecd70ea3bdf775fd937/out/vs/workbench/api/node/extensionHostProcess.js:160:21634)
	at w (/root/.vscode-server/extensions/eamodio.gitlens-14.7.0/dist/gitlens.js:1077:40655)
	at h (/root/.vscode-server/extensions/eamodio.gitlens-14.7.0/dist/gitlens.js:1077:45702)
	at ActionRunners._updateContextKeys (/root/.vscode-server/extensions/eamodio.gitlens-14.7.0/dist/gitlens.js:663:17573)
	at s (/root/.vscode-server/extensions/eamodio.gitlens-14.7.0/dist/gitlens.js:663:16017)
	at RegisteredActionRunner.unregister (/root/.vscode-server/extensions/eamodio.gitlens-14.7.0/dist/gitlens.js:663:16160)
	at RegisteredActionRunner.dispose (/root/.vscode-server/extensions/eamodio.gitlens-14.7.0/dist/gitlens.js:663:14813)
	at ActionRunners.dispose (/root/.vscode-server/extensions/eamodio.gitlens-14.7.0/dist/gitlens.js:663:15600)
	at /root/.vscode-server/extensions/eamodio.gitlens-14.7.0/dist/gitlens.js:1037:19287
	at Array.forEach (<anonymous>)
	at Object.dispose (/root/.vscode-server/extensions/eamodio.gitlens-14.7.0/dist/gitlens.js:1037:19269)
	at o (/root/.vscode-server/bin/05047486b6df5eb8d44b2ecd70ea3bdf775fd937/out/vs/workbench/api/node/extensionHostProcess.js:30:754)
	at g.cb (/root/.vscode-server/bin/05047486b6df5eb8d44b2ecd70ea3bdf775fd937/out/vs/workbench/api/node/extensionHostProcess.js:156:9874)
	at /root/.vscode-server/bin/05047486b6df5eb8d44b2ecd70ea3bdf775fd937/out/vs/workbench/api/node/extensionHostProcess.js:156:7808
	at Array.map (<anonymous>)
	at g.Y (/root/.vscode-server/bin/05047486b6df5eb8d44b2ecd70ea3bdf775fd937/out/vs/workbench/api/node/extensionHostProcess.js:156:7795)
	at g.terminate (/root/.vscode-server/bin/05047486b6df5eb8d44b2ecd70ea3bdf775fd937/out/vs/workbench/api/node/extensionHostProcess.js:156:8068)
	at o.terminate (/root/.vscode-server/bin/05047486b6df5eb8d44b2ecd70ea3bdf775fd937/out/vs/workbench/api/node/extensionHostProcess.js:160:1513)
	at t (/root/.vscode-server/bin/05047486b6df5eb8d44b2ecd70ea3bdf775fd937/out/vs/workbench/api/node/extensionHostProcess.js:173:9950)
	at g.value (/root/.vscode-server/bin/05047486b6df5eb8d44b2ecd70ea3bdf775fd937/out/vs/workbench/api/node/extensionHostProcess.js:173:7997)
	at r.y (/root/.vscode-server/bin/05047486b6df5eb8d44b2ecd70ea3bdf775fd937/out/vs/workbench/api/node/extensionHostProcess.js:80:1902)
	at r.fire (/root/.vscode-server/bin/05047486b6df5eb8d44b2ecd70ea3bdf775fd937/out/vs/workbench/api/node/extensionHostProcess.js:80:2119)
	at n.fire (/root/.vscode-server/bin/05047486b6df5eb8d44b2ecd70ea3bdf775fd937/out/vs/workbench/api/node/extensionHostProcess.js:105:14073)
	at s.z (/root/.vscode-server/bin/05047486b6df5eb8d44b2ecd70ea3bdf775fd937/out/vs/workbench/api/node/extensionHostProcess.js:105:17138)
	at g.value (/root/.vscode-server/bin/05047486b6df5eb8d44b2ecd70ea3bdf775fd937/out/vs/workbench/api/node/extensionHostProcess.js:105:15590)
	at r.y (/root/.vscode-server/bin/05047486b6df5eb8d44b2ecd70ea3bdf775fd937/out/vs/workbench/api/node/extensionHostProcess.js:80:1902)
	at r.fire (/root/.vscode-server/bin/05047486b6df5eb8d44b2ecd70ea3bdf775fd937/out/vs/workbench/api/node/extensionHostProcess.js:80:2119)
	at g.acceptChunk (/root/.vscode-server/bin/05047486b6df5eb8d44b2ecd70ea3bdf775fd937/out/vs/workbench/api/node/extensionHostProcess.js:105:11847)
	at g.value (/root/.vscode-server/bin/05047486b6df5eb8d44b2ecd70ea3bdf775fd937/out/vs/workbench/api/node/extensionHostProcess.js:105:11134)
	at r.y (/root/.vscode-server/bin/05047486b6df5eb8d44b2ecd70ea3bdf775fd937/out/vs/workbench/api/node/extensionHostProcess.js:80:1902)
	at r.fire (/root/.vscode-server/bin/05047486b6df5eb8d44b2ecd70ea3bdf775fd937/out/vs/workbench/api/node/extensionHostProcess.js:80:2119)
	at r.z (/root/.vscode-server/bin/05047486b6df5eb8d44b2ecd70ea3bdf775fd937/out/vs/workbench/api/node/extensionHostProcess.js:170:19768)
	at r.acceptFrame (/root/.vscode-server/bin/05047486b6df5eb8d44b2ecd70ea3bdf775fd937/out/vs/workbench/api/node/extensionHostProcess.js:170:19574)
	at i.n (/root/.vscode-server/bin/05047486b6df5eb8d44b2ecd70ea3bdf775fd937/out/vs/workbench/api/node/extensionHostProcess.js:170:18073)
	at /root/.vscode-server/bin/05047486b6df5eb8d44b2ecd70ea3bdf775fd937/out/vs/workbench/api/node/extensionHostProcess.js:170:15293
	at Socket.y (/root/.vscode-server/bin/05047486b6df5eb8d44b2ecd70ea3bdf775fd937/out/vs/workbench/api/node/extensionHostProcess.js:170:13198)
	at Socket.emit (node:events:514:28)
	at addChunk (node:internal/streams/readable:324:12)
	at readableAddChunk (node:internal/streams/readable:297:9)
	at Readable.push (node:internal/streams/readable:234:10)
	at TCP.onStreamRead (node:internal/stream_base_commons:190:23) setContext undefined
2024-02-05 09:06:10.233 [error] Canceled: Canceled
	at new f (/root/.vscode-server/bin/05047486b6df5eb8d44b2ecd70ea3bdf775fd937/out/vs/workbench/api/node/extensionHostProcess.js:140:45069)
	at d.U (/root/.vscode-server/bin/05047486b6df5eb8d44b2ecd70ea3bdf775fd937/out/vs/workbench/api/node/extensionHostProcess.js:147:5557)
	at T.<computed>.O.charCodeAt.T.<computed> (/root/.vscode-server/bin/05047486b6df5eb8d44b2ecd70ea3bdf775fd937/out/vs/workbench/api/node/extensionHostProcess.js:147:3008)
	at s.g (/root/.vscode-server/bin/05047486b6df5eb8d44b2ecd70ea3bdf775fd937/out/vs/workbench/api/node/extensionHostProcess.js:150:174704)
	at s.executeCommand (/root/.vscode-server/bin/05047486b6df5eb8d44b2ecd70ea3bdf775fd937/out/vs/workbench/api/node/extensionHostProcess.js:150:174142)
	at m.registerCommand.description (/root/.vscode-server/bin/05047486b6df5eb8d44b2ecd70ea3bdf775fd937/out/vs/workbench/api/node/extensionHostProcess.js:150:173466)
	at s.h (/root/.vscode-server/bin/05047486b6df5eb8d44b2ecd70ea3bdf775fd937/out/vs/workbench/api/node/extensionHostProcess.js:150:175243)
	at s.g (/root/.vscode-server/bin/05047486b6df5eb8d44b2ecd70ea3bdf775fd937/out/vs/workbench/api/node/extensionHostProcess.js:150:174235)
	at s.executeCommand (/root/.vscode-server/bin/05047486b6df5eb8d44b2ecd70ea3bdf775fd937/out/vs/workbench/api/node/extensionHostProcess.js:150:174142)
	at Object.executeCommand (/root/.vscode-server/bin/05047486b6df5eb8d44b2ecd70ea3bdf775fd937/out/vs/workbench/api/node/extensionHostProcess.js:160:21634)
	at w (/root/.vscode-server/extensions/eamodio.gitlens-14.7.0/dist/gitlens.js:1077:40655)
	at h (/root/.vscode-server/extensions/eamodio.gitlens-14.7.0/dist/gitlens.js:1077:45702)
	at ActionRunners._updateContextKeys (/root/.vscode-server/extensions/eamodio.gitlens-14.7.0/dist/gitlens.js:663:17573)
	at s (/root/.vscode-server/extensions/eamodio.gitlens-14.7.0/dist/gitlens.js:663:16017)
	at RegisteredActionRunner.unregister (/root/.vscode-server/extensions/eamodio.gitlens-14.7.0/dist/gitlens.js:663:16160)
	at RegisteredActionRunner.dispose (/root/.vscode-server/extensions/eamodio.gitlens-14.7.0/dist/gitlens.js:663:14813)
	at ActionRunners.dispose (/root/.vscode-server/extensions/eamodio.gitlens-14.7.0/dist/gitlens.js:663:15600)
	at /root/.vscode-server/extensions/eamodio.gitlens-14.7.0/dist/gitlens.js:1037:19287
	at Array.forEach (<anonymous>)
	at Object.dispose (/root/.vscode-server/extensions/eamodio.gitlens-14.7.0/dist/gitlens.js:1037:19269)
	at o (/root/.vscode-server/bin/05047486b6df5eb8d44b2ecd70ea3bdf775fd937/out/vs/workbench/api/node/extensionHostProcess.js:30:754)
	at g.cb (/root/.vscode-server/bin/05047486b6df5eb8d44b2ecd70ea3bdf775fd937/out/vs/workbench/api/node/extensionHostProcess.js:156:9874)
	at /root/.vscode-server/bin/05047486b6df5eb8d44b2ecd70ea3bdf775fd937/out/vs/workbench/api/node/extensionHostProcess.js:156:7808
	at Array.map (<anonymous>)
	at g.Y (/root/.vscode-server/bin/05047486b6df5eb8d44b2ecd70ea3bdf775fd937/out/vs/workbench/api/node/extensionHostProcess.js:156:7795)
	at g.terminate (/root/.vscode-server/bin/05047486b6df5eb8d44b2ecd70ea3bdf775fd937/out/vs/workbench/api/node/extensionHostProcess.js:156:8068)
	at o.terminate (/root/.vscode-server/bin/05047486b6df5eb8d44b2ecd70ea3bdf775fd937/out/vs/workbench/api/node/extensionHostProcess.js:160:1513)
	at t (/root/.vscode-server/bin/05047486b6df5eb8d44b2ecd70ea3bdf775fd937/out/vs/workbench/api/node/extensionHostProcess.js:173:9950)
	at g.value (/root/.vscode-server/bin/05047486b6df5eb8d44b2ecd70ea3bdf775fd937/out/vs/workbench/api/node/extensionHostProcess.js:173:7997)
	at r.y (/root/.vscode-server/bin/05047486b6df5eb8d44b2ecd70ea3bdf775fd937/out/vs/workbench/api/node/extensionHostProcess.js:80:1902)
	at r.fire (/root/.vscode-server/bin/05047486b6df5eb8d44b2ecd70ea3bdf775fd937/out/vs/workbench/api/node/extensionHostProcess.js:80:2119)
	at n.fire (/root/.vscode-server/bin/05047486b6df5eb8d44b2ecd70ea3bdf775fd937/out/vs/workbench/api/node/extensionHostProcess.js:105:14073)
	at s.z (/root/.vscode-server/bin/05047486b6df5eb8d44b2ecd70ea3bdf775fd937/out/vs/workbench/api/node/extensionHostProcess.js:105:17138)
	at g.value (/root/.vscode-server/bin/05047486b6df5eb8d44b2ecd70ea3bdf775fd937/out/vs/workbench/api/node/extensionHostProcess.js:105:15590)
	at r.y (/root/.vscode-server/bin/05047486b6df5eb8d44b2ecd70ea3bdf775fd937/out/vs/workbench/api/node/extensionHostProcess.js:80:1902)
	at r.fire (/root/.vscode-server/bin/05047486b6df5eb8d44b2ecd70ea3bdf775fd937/out/vs/workbench/api/node/extensionHostProcess.js:80:2119)
	at g.acceptChunk (/root/.vscode-server/bin/05047486b6df5eb8d44b2ecd70ea3bdf775fd937/out/vs/workbench/api/node/extensionHostProcess.js:105:11847)
	at g.value (/root/.vscode-server/bin/05047486b6df5eb8d44b2ecd70ea3bdf775fd937/out/vs/workbench/api/node/extensionHostProcess.js:105:11134)
	at r.y (/root/.vscode-server/bin/05047486b6df5eb8d44b2ecd70ea3bdf775fd937/out/vs/workbench/api/node/extensionHostProcess.js:80:1902)
	at r.fire (/root/.vscode-server/bin/05047486b6df5eb8d44b2ecd70ea3bdf775fd937/out/vs/workbench/api/node/extensionHostProcess.js:80:2119)
	at r.z (/root/.vscode-server/bin/05047486b6df5eb8d44b2ecd70ea3bdf775fd937/out/vs/workbench/api/node/extensionHostProcess.js:170:19768)
	at r.acceptFrame (/root/.vscode-server/bin/05047486b6df5eb8d44b2ecd70ea3bdf775fd937/out/vs/workbench/api/node/extensionHostProcess.js:170:19574)
	at i.n (/root/.vscode-server/bin/05047486b6df5eb8d44b2ecd70ea3bdf775fd937/out/vs/workbench/api/node/extensionHostProcess.js:170:18073)
	at /root/.vscode-server/bin/05047486b6df5eb8d44b2ecd70ea3bdf775fd937/out/vs/workbench/api/node/extensionHostProcess.js:170:15293
	at Socket.y (/root/.vscode-server/bin/05047486b6df5eb8d44b2ecd70ea3bdf775fd937/out/vs/workbench/api/node/extensionHostProcess.js:170:13198)
	at Socket.emit (node:events:514:28)
	at addChunk (node:internal/streams/readable:324:12)
	at readableAddChunk (node:internal/streams/readable:297:9)
	at Readable.push (node:internal/streams/readable:234:10)
	at TCP.onStreamRead (node:internal/stream_base_commons:190:23) setContext undefined
2024-02-05 09:06:10.233 [info] Extension host with pid 617 exiting with code 0
