2024-02-05 09:06:13.391 [info] Extension host with pid 886 started
2024-02-05 09:06:13.391 [error] Error: EEXIST: file already exists, open '/root/.vscode-server/data/User/workspaceStorage/004e33f01e5b915cdd99a687c3386a27/vscode.lock'
2024-02-05 09:06:13.401 [info] Lock '/root/.vscode-server/data/User/workspaceStorage/004e33f01e5b915cdd99a687c3386a27/vscode.lock': Could not acquire lock, checking if the file is stale.
2024-02-05 09:06:13.403 [info] Lock '/root/.vscode-server/data/User/workspaceStorage/004e33f01e5b915cdd99a687c3386a27/vscode.lock': The lockfile is scheduled to have been released.
2024-02-05 09:06:13.403 [info] Lock '/root/.vscode-server/data/User/workspaceStorage/004e33f01e5b915cdd99a687c3386a27/vscode.lock': Deleting a stale lock.
2024-02-05 09:06:13.451 [info] ExtensionService#_doActivateExtension vscode.html-language-features, startup: false, activationEvent: 'onLanguage:html'
2024-02-05 09:06:13.452 [info] ExtensionService#_doActivateExtension vscode.emmet, startup: false, activationEvent: 'onLanguage'
2024-02-05 09:06:13.809 [info] Lock '/root/.vscode-server/data/User/workspaceStorage/004e33f01e5b915cdd99a687c3386a27/vscode.lock': Lock acquired.
2024-02-05 09:06:14.455 [info] ExtensionService#_doActivateExtension vscode.git-base, startup: true, activationEvent: '*', root cause: vscode.git
2024-02-05 09:06:14.455 [info] ExtensionService#_doActivateExtension michelemelluso.code-beautifier, startup: true, activationEvent: '*'
2024-02-05 09:06:14.456 [info] ExtensionService#_doActivateExtension mtxr.sqltools, startup: true, activationEvent: '*'
2024-02-05 09:06:14.456 [info] ExtensionService#_doActivateExtension oderwat.indent-rainbow, startup: true, activationEvent: '*'
2024-02-05 09:06:14.457 [info] ExtensionService#_doActivateExtension TzachOvadia.todo-list, startup: true, activationEvent: '*'
2024-02-05 09:06:15.174 [info] ExtensionService#_doActivateExtension vscode.git, startup: true, activationEvent: '*'
2024-02-05 09:06:15.174 [info] ExtensionService#_doActivateExtension vscode.github, startup: true, activationEvent: '*'
2024-02-05 09:06:15.952 [info] ExtensionService#_doActivateExtension vscode.tunnel-forwarding, startup: false, activationEvent: 'onTunnel'
2024-02-05 09:06:17.219 [info] ExtensionService#_doActivateExtension pranaygp.vscode-css-peek, startup: true, activationEvent: 'workspaceContains:**/*.css,**/*.scss,**/*.sass,**/*.less'
2024-02-05 09:06:19.488 [info] Eager extensions activated
2024-02-05 09:06:19.488 [info] ExtensionService#_doActivateExtension vscode.debug-auto-launch, startup: false, activationEvent: 'onStartupFinished'
2024-02-05 09:06:19.489 [info] ExtensionService#_doActivateExtension vscode.merge-conflict, startup: false, activationEvent: 'onStartupFinished'
2024-02-05 09:06:19.489 [info] ExtensionService#_doActivateExtension dbaeumer.vscode-eslint, startup: false, activationEvent: 'onStartupFinished'
2024-02-05 09:06:19.489 [info] ExtensionService#_doActivateExtension eamodio.gitlens, startup: false, activationEvent: 'onStartupFinished'
2024-02-05 09:06:19.489 [info] ExtensionService#_doActivateExtension esbenp.prettier-vscode, startup: false, activationEvent: 'onStartupFinished'
2024-02-05 09:06:19.489 [info] ExtensionService#_doActivateExtension ritwickdey.LiveServer, startup: false, activationEvent: 'onStartupFinished'
2024-02-05 09:06:19.489 [info] ExtensionService#_doActivateExtension streetsidesoftware.code-spell-checker, startup: false, activationEvent: 'onStartupFinished'
2024-02-05 09:06:20.068 [info] ExtensionService#_doActivateExtension ms-vsliveshare.vsliveshare, startup: false, activationEvent: 'api', root cause: ritwickdey.LiveServer
2024-02-05 09:06:45.444 [info] Extension host terminating: received terminate message from renderer
2024-02-05 09:06:45.445 [info] Lock '/root/.vscode-server/data/User/workspaceStorage/004e33f01e5b915cdd99a687c3386a27/vscode.lock': Marking the lockfile as scheduled to be released in 6000 ms.
2024-02-05 09:06:45.840 [error] Canceled: Canceled
	at new f (/root/.vscode-server/bin/05047486b6df5eb8d44b2ecd70ea3bdf775fd937/out/vs/workbench/api/node/extensionHostProcess.js:140:45069)
	at d.U (/root/.vscode-server/bin/05047486b6df5eb8d44b2ecd70ea3bdf775fd937/out/vs/workbench/api/node/extensionHostProcess.js:147:5557)
	at T.<computed>.O.charCodeAt.T.<computed> (/root/.vscode-server/bin/05047486b6df5eb8d44b2ecd70ea3bdf775fd937/out/vs/workbench/api/node/extensionHostProcess.js:147:3008)
	at s.g (/root/.vscode-server/bin/05047486b6df5eb8d44b2ecd70ea3bdf775fd937/out/vs/workbench/api/node/extensionHostProcess.js:150:174704)
	at s.executeCommand (/root/.vscode-server/bin/05047486b6df5eb8d44b2ecd70ea3bdf775fd937/out/vs/workbench/api/node/extensionHostProcess.js:150:174142)
	at m.registerCommand.description (/root/.vscode-server/bin/05047486b6df5eb8d44b2ecd70ea3bdf775fd937/out/vs/workbench/api/node/extensionHostProcess.js:150:173466)
	at s.h (/root/.vscode-server/bin/05047486b6df5eb8d44b2ecd70ea3bdf775fd937/out/vs/workbench/api/node/extensionHostProcess.js:150:175243)
	at s.g (/root/.vscode-server/bin/05047486b6df5eb8d44b2ecd70ea3bdf775fd937/out/vs/workbench/api/node/extensionHostProcess.js:150:174235)
	at s.executeCommand (/root/.vscode-server/bin/05047486b6df5eb8d44b2ecd70ea3bdf775fd937/out/vs/workbench/api/node/extensionHostProcess.js:150:174142)
	at Object.executeCommand (/root/.vscode-server/bin/05047486b6df5eb8d44b2ecd70ea3bdf775fd937/out/vs/workbench/api/node/extensionHostProcess.js:160:21634)
	at w (/root/.vscode-server/extensions/eamodio.gitlens-14.7.0/dist/gitlens.js:1077:40655)
	at h (/root/.vscode-server/extensions/eamodio.gitlens-14.7.0/dist/gitlens.js:1077:45702)
	at ActionRunners._updateContextKeys (/root/.vscode-server/extensions/eamodio.gitlens-14.7.0/dist/gitlens.js:663:17573)
	at s (/root/.vscode-server/extensions/eamodio.gitlens-14.7.0/dist/gitlens.js:663:16017)
	at RegisteredActionRunner.unregister (/root/.vscode-server/extensions/eamodio.gitlens-14.7.0/dist/gitlens.js:663:16160)
	at RegisteredActionRunner.dispose (/root/.vscode-server/extensions/eamodio.gitlens-14.7.0/dist/gitlens.js:663:14813)
	at ActionRunners.dispose (/root/.vscode-server/extensions/eamodio.gitlens-14.7.0/dist/gitlens.js:663:15600)
	at /root/.vscode-server/extensions/eamodio.gitlens-14.7.0/dist/gitlens.js:1037:19287
	at Array.forEach (<anonymous>)
	at Object.dispose (/root/.vscode-server/extensions/eamodio.gitlens-14.7.0/dist/gitlens.js:1037:19269)
	at o (/root/.vscode-server/bin/05047486b6df5eb8d44b2ecd70ea3bdf775fd937/out/vs/workbench/api/node/extensionHostProcess.js:30:754)
	at g.cb (/root/.vscode-server/bin/05047486b6df5eb8d44b2ecd70ea3bdf775fd937/out/vs/workbench/api/node/extensionHostProcess.js:156:9874)
	at /root/.vscode-server/bin/05047486b6df5eb8d44b2ecd70ea3bdf775fd937/out/vs/workbench/api/node/extensionHostProcess.js:156:7808
	at Array.map (<anonymous>)
	at g.Y (/root/.vscode-server/bin/05047486b6df5eb8d44b2ecd70ea3bdf775fd937/out/vs/workbench/api/node/extensionHostProcess.js:156:7795)
	at g.terminate (/root/.vscode-server/bin/05047486b6df5eb8d44b2ecd70ea3bdf775fd937/out/vs/workbench/api/node/extensionHostProcess.js:156:8068)
	at o.terminate (/root/.vscode-server/bin/05047486b6df5eb8d44b2ecd70ea3bdf775fd937/out/vs/workbench/api/node/extensionHostProcess.js:160:1513)
	at t (/root/.vscode-server/bin/05047486b6df5eb8d44b2ecd70ea3bdf775fd937/out/vs/workbench/api/node/extensionHostProcess.js:173:9950)
	at g.value (/root/.vscode-server/bin/05047486b6df5eb8d44b2ecd70ea3bdf775fd937/out/vs/workbench/api/node/extensionHostProcess.js:173:7997)
	at r.y (/root/.vscode-server/bin/05047486b6df5eb8d44b2ecd70ea3bdf775fd937/out/vs/workbench/api/node/extensionHostProcess.js:80:1902)
	at r.fire (/root/.vscode-server/bin/05047486b6df5eb8d44b2ecd70ea3bdf775fd937/out/vs/workbench/api/node/extensionHostProcess.js:80:2119)
	at n.fire (/root/.vscode-server/bin/05047486b6df5eb8d44b2ecd70ea3bdf775fd937/out/vs/workbench/api/node/extensionHostProcess.js:105:14073)
	at s.z (/root/.vscode-server/bin/05047486b6df5eb8d44b2ecd70ea3bdf775fd937/out/vs/workbench/api/node/extensionHostProcess.js:105:17138)
	at g.value (/root/.vscode-server/bin/05047486b6df5eb8d44b2ecd70ea3bdf775fd937/out/vs/workbench/api/node/extensionHostProcess.js:105:15590)
	at r.y (/root/.vscode-server/bin/05047486b6df5eb8d44b2ecd70ea3bdf775fd937/out/vs/workbench/api/node/extensionHostProcess.js:80:1902)
	at r.fire (/root/.vscode-server/bin/05047486b6df5eb8d44b2ecd70ea3bdf775fd937/out/vs/workbench/api/node/extensionHostProcess.js:80:2119)
	at g.acceptChunk (/root/.vscode-server/bin/05047486b6df5eb8d44b2ecd70ea3bdf775fd937/out/vs/workbench/api/node/extensionHostProcess.js:105:11847)
	at g.value (/root/.vscode-server/bin/05047486b6df5eb8d44b2ecd70ea3bdf775fd937/out/vs/workbench/api/node/extensionHostProcess.js:105:11134)
	at r.y (/root/.vscode-server/bin/05047486b6df5eb8d44b2ecd70ea3bdf775fd937/out/vs/workbench/api/node/extensionHostProcess.js:80:1902)
	at r.fire (/root/.vscode-server/bin/05047486b6df5eb8d44b2ecd70ea3bdf775fd937/out/vs/workbench/api/node/extensionHostProcess.js:80:2119)
	at r.z (/root/.vscode-server/bin/05047486b6df5eb8d44b2ecd70ea3bdf775fd937/out/vs/workbench/api/node/extensionHostProcess.js:170:19768)
	at r.acceptFrame (/root/.vscode-server/bin/05047486b6df5eb8d44b2ecd70ea3bdf775fd937/out/vs/workbench/api/node/extensionHostProcess.js:170:19574)
	at i.n (/root/.vscode-server/bin/05047486b6df5eb8d44b2ecd70ea3bdf775fd937/out/vs/workbench/api/node/extensionHostProcess.js:170:18073)
	at /root/.vscode-server/bin/05047486b6df5eb8d44b2ecd70ea3bdf775fd937/out/vs/workbench/api/node/extensionHostProcess.js:170:15293
	at Socket.y (/root/.vscode-server/bin/05047486b6df5eb8d44b2ecd70ea3bdf775fd937/out/vs/workbench/api/node/extensionHostProcess.js:170:13198)
	at Socket.emit (node:events:514:28)
	at addChunk (node:internal/streams/readable:324:12)
	at readableAddChunk (node:internal/streams/readable:297:9)
	at Readable.push (node:internal/streams/readable:234:10)
	at TCP.onStreamRead (node:internal/stream_base_commons:190:23) setContext undefined
2024-02-05 09:06:45.840 [error] Canceled: Canceled
	at new f (/root/.vscode-server/bin/05047486b6df5eb8d44b2ecd70ea3bdf775fd937/out/vs/workbench/api/node/extensionHostProcess.js:140:45069)
	at d.U (/root/.vscode-server/bin/05047486b6df5eb8d44b2ecd70ea3bdf775fd937/out/vs/workbench/api/node/extensionHostProcess.js:147:5557)
	at T.<computed>.O.charCodeAt.T.<computed> (/root/.vscode-server/bin/05047486b6df5eb8d44b2ecd70ea3bdf775fd937/out/vs/workbench/api/node/extensionHostProcess.js:147:3008)
	at s.g (/root/.vscode-server/bin/05047486b6df5eb8d44b2ecd70ea3bdf775fd937/out/vs/workbench/api/node/extensionHostProcess.js:150:174704)
	at s.executeCommand (/root/.vscode-server/bin/05047486b6df5eb8d44b2ecd70ea3bdf775fd937/out/vs/workbench/api/node/extensionHostProcess.js:150:174142)
	at m.registerCommand.description (/root/.vscode-server/bin/05047486b6df5eb8d44b2ecd70ea3bdf775fd937/out/vs/workbench/api/node/extensionHostProcess.js:150:173466)
	at s.h (/root/.vscode-server/bin/05047486b6df5eb8d44b2ecd70ea3bdf775fd937/out/vs/workbench/api/node/extensionHostProcess.js:150:175243)
	at s.g (/root/.vscode-server/bin/05047486b6df5eb8d44b2ecd70ea3bdf775fd937/out/vs/workbench/api/node/extensionHostProcess.js:150:174235)
	at s.executeCommand (/root/.vscode-server/bin/05047486b6df5eb8d44b2ecd70ea3bdf775fd937/out/vs/workbench/api/node/extensionHostProcess.js:150:174142)
	at Object.executeCommand (/root/.vscode-server/bin/05047486b6df5eb8d44b2ecd70ea3bdf775fd937/out/vs/workbench/api/node/extensionHostProcess.js:160:21634)
	at w (/root/.vscode-server/extensions/eamodio.gitlens-14.7.0/dist/gitlens.js:1077:40655)
	at h (/root/.vscode-server/extensions/eamodio.gitlens-14.7.0/dist/gitlens.js:1077:45702)
	at ActionRunners._updateContextKeys (/root/.vscode-server/extensions/eamodio.gitlens-14.7.0/dist/gitlens.js:663:17573)
	at s (/root/.vscode-server/extensions/eamodio.gitlens-14.7.0/dist/gitlens.js:663:16017)
	at RegisteredActionRunner.unregister (/root/.vscode-server/extensions/eamodio.gitlens-14.7.0/dist/gitlens.js:663:16160)
	at RegisteredActionRunner.dispose (/root/.vscode-server/extensions/eamodio.gitlens-14.7.0/dist/gitlens.js:663:14813)
	at ActionRunners.dispose (/root/.vscode-server/extensions/eamodio.gitlens-14.7.0/dist/gitlens.js:663:15600)
	at /root/.vscode-server/extensions/eamodio.gitlens-14.7.0/dist/gitlens.js:1037:19287
	at Array.forEach (<anonymous>)
	at Object.dispose (/root/.vscode-server/extensions/eamodio.gitlens-14.7.0/dist/gitlens.js:1037:19269)
	at o (/root/.vscode-server/bin/05047486b6df5eb8d44b2ecd70ea3bdf775fd937/out/vs/workbench/api/node/extensionHostProcess.js:30:754)
	at g.cb (/root/.vscode-server/bin/05047486b6df5eb8d44b2ecd70ea3bdf775fd937/out/vs/workbench/api/node/extensionHostProcess.js:156:9874)
	at /root/.vscode-server/bin/05047486b6df5eb8d44b2ecd70ea3bdf775fd937/out/vs/workbench/api/node/extensionHostProcess.js:156:7808
	at Array.map (<anonymous>)
	at g.Y (/root/.vscode-server/bin/05047486b6df5eb8d44b2ecd70ea3bdf775fd937/out/vs/workbench/api/node/extensionHostProcess.js:156:7795)
	at g.terminate (/root/.vscode-server/bin/05047486b6df5eb8d44b2ecd70ea3bdf775fd937/out/vs/workbench/api/node/extensionHostProcess.js:156:8068)
	at o.terminate (/root/.vscode-server/bin/05047486b6df5eb8d44b2ecd70ea3bdf775fd937/out/vs/workbench/api/node/extensionHostProcess.js:160:1513)
	at t (/root/.vscode-server/bin/05047486b6df5eb8d44b2ecd70ea3bdf775fd937/out/vs/workbench/api/node/extensionHostProcess.js:173:9950)
	at g.value (/root/.vscode-server/bin/05047486b6df5eb8d44b2ecd70ea3bdf775fd937/out/vs/workbench/api/node/extensionHostProcess.js:173:7997)
	at r.y (/root/.vscode-server/bin/05047486b6df5eb8d44b2ecd70ea3bdf775fd937/out/vs/workbench/api/node/extensionHostProcess.js:80:1902)
	at r.fire (/root/.vscode-server/bin/05047486b6df5eb8d44b2ecd70ea3bdf775fd937/out/vs/workbench/api/node/extensionHostProcess.js:80:2119)
	at n.fire (/root/.vscode-server/bin/05047486b6df5eb8d44b2ecd70ea3bdf775fd937/out/vs/workbench/api/node/extensionHostProcess.js:105:14073)
	at s.z (/root/.vscode-server/bin/05047486b6df5eb8d44b2ecd70ea3bdf775fd937/out/vs/workbench/api/node/extensionHostProcess.js:105:17138)
	at g.value (/root/.vscode-server/bin/05047486b6df5eb8d44b2ecd70ea3bdf775fd937/out/vs/workbench/api/node/extensionHostProcess.js:105:15590)
	at r.y (/root/.vscode-server/bin/05047486b6df5eb8d44b2ecd70ea3bdf775fd937/out/vs/workbench/api/node/extensionHostProcess.js:80:1902)
	at r.fire (/root/.vscode-server/bin/05047486b6df5eb8d44b2ecd70ea3bdf775fd937/out/vs/workbench/api/node/extensionHostProcess.js:80:2119)
	at g.acceptChunk (/root/.vscode-server/bin/05047486b6df5eb8d44b2ecd70ea3bdf775fd937/out/vs/workbench/api/node/extensionHostProcess.js:105:11847)
	at g.value (/root/.vscode-server/bin/05047486b6df5eb8d44b2ecd70ea3bdf775fd937/out/vs/workbench/api/node/extensionHostProcess.js:105:11134)
	at r.y (/root/.vscode-server/bin/05047486b6df5eb8d44b2ecd70ea3bdf775fd937/out/vs/workbench/api/node/extensionHostProcess.js:80:1902)
	at r.fire (/root/.vscode-server/bin/05047486b6df5eb8d44b2ecd70ea3bdf775fd937/out/vs/workbench/api/node/extensionHostProcess.js:80:2119)
	at r.z (/root/.vscode-server/bin/05047486b6df5eb8d44b2ecd70ea3bdf775fd937/out/vs/workbench/api/node/extensionHostProcess.js:170:19768)
	at r.acceptFrame (/root/.vscode-server/bin/05047486b6df5eb8d44b2ecd70ea3bdf775fd937/out/vs/workbench/api/node/extensionHostProcess.js:170:19574)
	at i.n (/root/.vscode-server/bin/05047486b6df5eb8d44b2ecd70ea3bdf775fd937/out/vs/workbench/api/node/extensionHostProcess.js:170:18073)
	at /root/.vscode-server/bin/05047486b6df5eb8d44b2ecd70ea3bdf775fd937/out/vs/workbench/api/node/extensionHostProcess.js:170:15293
	at Socket.y (/root/.vscode-server/bin/05047486b6df5eb8d44b2ecd70ea3bdf775fd937/out/vs/workbench/api/node/extensionHostProcess.js:170:13198)
	at Socket.emit (node:events:514:28)
	at addChunk (node:internal/streams/readable:324:12)
	at readableAddChunk (node:internal/streams/readable:297:9)
	at Readable.push (node:internal/streams/readable:234:10)
	at TCP.onStreamRead (node:internal/stream_base_commons:190:23) setContext undefined
2024-02-05 09:06:45.841 [error] Canceled: Canceled
	at new f (/root/.vscode-server/bin/05047486b6df5eb8d44b2ecd70ea3bdf775fd937/out/vs/workbench/api/node/extensionHostProcess.js:140:45069)
	at d.U (/root/.vscode-server/bin/05047486b6df5eb8d44b2ecd70ea3bdf775fd937/out/vs/workbench/api/node/extensionHostProcess.js:147:5557)
	at T.<computed>.O.charCodeAt.T.<computed> (/root/.vscode-server/bin/05047486b6df5eb8d44b2ecd70ea3bdf775fd937/out/vs/workbench/api/node/extensionHostProcess.js:147:3008)
	at s.g (/root/.vscode-server/bin/05047486b6df5eb8d44b2ecd70ea3bdf775fd937/out/vs/workbench/api/node/extensionHostProcess.js:150:174704)
	at s.executeCommand (/root/.vscode-server/bin/05047486b6df5eb8d44b2ecd70ea3bdf775fd937/out/vs/workbench/api/node/extensionHostProcess.js:150:174142)
	at m.registerCommand.description (/root/.vscode-server/bin/05047486b6df5eb8d44b2ecd70ea3bdf775fd937/out/vs/workbench/api/node/extensionHostProcess.js:150:173466)
	at s.h (/root/.vscode-server/bin/05047486b6df5eb8d44b2ecd70ea3bdf775fd937/out/vs/workbench/api/node/extensionHostProcess.js:150:175243)
	at s.g (/root/.vscode-server/bin/05047486b6df5eb8d44b2ecd70ea3bdf775fd937/out/vs/workbench/api/node/extensionHostProcess.js:150:174235)
	at s.executeCommand (/root/.vscode-server/bin/05047486b6df5eb8d44b2ecd70ea3bdf775fd937/out/vs/workbench/api/node/extensionHostProcess.js:150:174142)
	at Object.executeCommand (/root/.vscode-server/bin/05047486b6df5eb8d44b2ecd70ea3bdf775fd937/out/vs/workbench/api/node/extensionHostProcess.js:160:21634)
	at w (/root/.vscode-server/extensions/eamodio.gitlens-14.7.0/dist/gitlens.js:1077:40655)
	at h (/root/.vscode-server/extensions/eamodio.gitlens-14.7.0/dist/gitlens.js:1077:45702)
	at ActionRunners._updateContextKeys (/root/.vscode-server/extensions/eamodio.gitlens-14.7.0/dist/gitlens.js:663:17573)
	at s (/root/.vscode-server/extensions/eamodio.gitlens-14.7.0/dist/gitlens.js:663:16017)
	at RegisteredActionRunner.unregister (/root/.vscode-server/extensions/eamodio.gitlens-14.7.0/dist/gitlens.js:663:16160)
	at RegisteredActionRunner.dispose (/root/.vscode-server/extensions/eamodio.gitlens-14.7.0/dist/gitlens.js:663:14813)
	at ActionRunners.dispose (/root/.vscode-server/extensions/eamodio.gitlens-14.7.0/dist/gitlens.js:663:15600)
	at /root/.vscode-server/extensions/eamodio.gitlens-14.7.0/dist/gitlens.js:1037:19287
	at Array.forEach (<anonymous>)
	at Object.dispose (/root/.vscode-server/extensions/eamodio.gitlens-14.7.0/dist/gitlens.js:1037:19269)
	at o (/root/.vscode-server/bin/05047486b6df5eb8d44b2ecd70ea3bdf775fd937/out/vs/workbench/api/node/extensionHostProcess.js:30:754)
	at g.cb (/root/.vscode-server/bin/05047486b6df5eb8d44b2ecd70ea3bdf775fd937/out/vs/workbench/api/node/extensionHostProcess.js:156:9874)
	at /root/.vscode-server/bin/05047486b6df5eb8d44b2ecd70ea3bdf775fd937/out/vs/workbench/api/node/extensionHostProcess.js:156:7808
	at Array.map (<anonymous>)
	at g.Y (/root/.vscode-server/bin/05047486b6df5eb8d44b2ecd70ea3bdf775fd937/out/vs/workbench/api/node/extensionHostProcess.js:156:7795)
	at g.terminate (/root/.vscode-server/bin/05047486b6df5eb8d44b2ecd70ea3bdf775fd937/out/vs/workbench/api/node/extensionHostProcess.js:156:8068)
	at o.terminate (/root/.vscode-server/bin/05047486b6df5eb8d44b2ecd70ea3bdf775fd937/out/vs/workbench/api/node/extensionHostProcess.js:160:1513)
	at t (/root/.vscode-server/bin/05047486b6df5eb8d44b2ecd70ea3bdf775fd937/out/vs/workbench/api/node/extensionHostProcess.js:173:9950)
	at g.value (/root/.vscode-server/bin/05047486b6df5eb8d44b2ecd70ea3bdf775fd937/out/vs/workbench/api/node/extensionHostProcess.js:173:7997)
	at r.y (/root/.vscode-server/bin/05047486b6df5eb8d44b2ecd70ea3bdf775fd937/out/vs/workbench/api/node/extensionHostProcess.js:80:1902)
	at r.fire (/root/.vscode-server/bin/05047486b6df5eb8d44b2ecd70ea3bdf775fd937/out/vs/workbench/api/node/extensionHostProcess.js:80:2119)
	at n.fire (/root/.vscode-server/bin/05047486b6df5eb8d44b2ecd70ea3bdf775fd937/out/vs/workbench/api/node/extensionHostProcess.js:105:14073)
	at s.z (/root/.vscode-server/bin/05047486b6df5eb8d44b2ecd70ea3bdf775fd937/out/vs/workbench/api/node/extensionHostProcess.js:105:17138)
	at g.value (/root/.vscode-server/bin/05047486b6df5eb8d44b2ecd70ea3bdf775fd937/out/vs/workbench/api/node/extensionHostProcess.js:105:15590)
	at r.y (/root/.vscode-server/bin/05047486b6df5eb8d44b2ecd70ea3bdf775fd937/out/vs/workbench/api/node/extensionHostProcess.js:80:1902)
	at r.fire (/root/.vscode-server/bin/05047486b6df5eb8d44b2ecd70ea3bdf775fd937/out/vs/workbench/api/node/extensionHostProcess.js:80:2119)
	at g.acceptChunk (/root/.vscode-server/bin/05047486b6df5eb8d44b2ecd70ea3bdf775fd937/out/vs/workbench/api/node/extensionHostProcess.js:105:11847)
	at g.value (/root/.vscode-server/bin/05047486b6df5eb8d44b2ecd70ea3bdf775fd937/out/vs/workbench/api/node/extensionHostProcess.js:105:11134)
	at r.y (/root/.vscode-server/bin/05047486b6df5eb8d44b2ecd70ea3bdf775fd937/out/vs/workbench/api/node/extensionHostProcess.js:80:1902)
	at r.fire (/root/.vscode-server/bin/05047486b6df5eb8d44b2ecd70ea3bdf775fd937/out/vs/workbench/api/node/extensionHostProcess.js:80:2119)
	at r.z (/root/.vscode-server/bin/05047486b6df5eb8d44b2ecd70ea3bdf775fd937/out/vs/workbench/api/node/extensionHostProcess.js:170:19768)
	at r.acceptFrame (/root/.vscode-server/bin/05047486b6df5eb8d44b2ecd70ea3bdf775fd937/out/vs/workbench/api/node/extensionHostProcess.js:170:19574)
	at i.n (/root/.vscode-server/bin/05047486b6df5eb8d44b2ecd70ea3bdf775fd937/out/vs/workbench/api/node/extensionHostProcess.js:170:18073)
	at /root/.vscode-server/bin/05047486b6df5eb8d44b2ecd70ea3bdf775fd937/out/vs/workbench/api/node/extensionHostProcess.js:170:15293
	at Socket.y (/root/.vscode-server/bin/05047486b6df5eb8d44b2ecd70ea3bdf775fd937/out/vs/workbench/api/node/extensionHostProcess.js:170:13198)
	at Socket.emit (node:events:514:28)
	at addChunk (node:internal/streams/readable:324:12)
	at readableAddChunk (node:internal/streams/readable:297:9)
	at Readable.push (node:internal/streams/readable:234:10)
	at TCP.onStreamRead (node:internal/stream_base_commons:190:23) setContext undefined
2024-02-05 09:06:46.688 [info] Extension host with pid 886 exiting with code 0
