[1706891202591] INFO  (ext): SQLTools is starting
[1706891202594] INFO  (ext): initializing language client...
[1706891202750] INFO  (ext): Registering client for languages [{"scheme":"sqltools"},{"language":"sql","scheme":"untitled"},{"language":"sql","scheme":"file"},{"language":"sql","scheme":"sqltools"}]
    ns: "lc"
[1706891202767] INFO  (ext): loading plugins...
[1706891202767] INFO  (ext): registering Formatter Plugin.
    plugin: {
      "name": "Formatter Plugin"
    }
[1706891202768] INFO  (ext): registering Connection Manager Plugin.
    plugin: {
      "name": "Connection Manager Plugin"
    }
[1706891202769] INFO  (ext): registering CodeLens Plugin.
    plugin: {
      "name": "CodeLens Plugin",
      "registeredLanguages": []
    }
[1706891202782] INFO  (ext): registering Dependency Manager Plugin.
    plugin: {
      "name": "Dependency Manager Plugin",
      "installingDrivers": []
    }
[1706891202785] INFO  (ext): Connection explorer changed. Will be updated.
    ns: "conn-man:explorer"
[1706891202786] INFO  (ext): registering History Manager Plugin.
    plugin: {
      "name": "History Manager Plugin"
    }
[1706891202787] INFO  (ext): registering Bookmarks Manager Plugin.
    plugin: {
      "name": "Bookmarks Manager Plugin"
    }
[1706891202788] INFO  (ext): registering Authentication Provider Plugin.
    plugin: {
      "name": "Authentication Provider Plugin",
      "isRegistered": false
    }
[1706891202789] INFO  (ext): registering Object Drop-in Provider (plugin).
    plugin: {
      "type": "plugin",
      "name": "Object Drop-in Provider",
      "isRegistered": false
    }
[1706891202792] INFO  (ext): SQLTools activation completed. 200.290119 ms
[1706891202792] INFO  (ext): Formatter Plugin registered!
[1706891202792] INFO  (ext): CodeLens Plugin registered!
[1706891202792] INFO  (ext): Dependency Manager Plugin registered!
[1706891202793] INFO  (ext): Connection Manager Plugin registered!
[1706891202793] INFO  (ext): History Manager Plugin registered!
[1706891202793] INFO  (ext): Bookmarks Manager Plugin registered!
[1706891202793] INFO  (ext): Authentication Provider Plugin registered!
[1706891202793] INFO  (ext): Object Drop-in Provider (plugin) registered!
[1706891203593] INFO  (ls): SQLTools Server started!
===============================
Using node runtime?: no
ExecPath: /root/.vscode-server/bin/05047486b6df5eb8d44b2ecd70ea3bdf775fd937/node 
===============================
[1706891203994] INFO  (ext): LanguageClient ready
    ns: "lc"
[1706891204001] INFO  (ext): EXECUTING COMMAND => sqltools.refreshTree
[1706891204001] INFO  (ext): Connection explorer changed. Will be updated.
    ns: "conn-man:explorer"
[1706891203986] INFO  (ls): Initialized with node version:v18.17.1
[1706891204925] INFO  (ext): Connection explorer changed. Will be updated.
    ns: "conn-man:explorer"
