2024-02-02 13:20:42.202 [info] Log level: Info
2024-02-02 13:20:42.202 [info] Validating found git in: "git"
2024-02-02 13:20:42.202 [info] Using git "2.34.1" from "git"
2024-02-02 13:20:42.202 [info] > git rev-parse --show-toplevel [21ms]
2024-02-02 13:20:42.202 [info] fatal: not a git repository (or any of the parent directories): .git
2024-02-02 13:20:42.202 [info] > git rev-parse --show-toplevel [3ms]
2024-02-02 13:20:42.202 [info] fatal: not a git repository (or any of the parent directories): .git
2024-02-02 13:20:42.202 [info] > git rev-parse --show-toplevel [2ms]
2024-02-02 13:20:42.202 [info] fatal: not a git repository (or any of the parent directories): .git
2024-02-02 13:20:42.202 [info] > git rev-parse --show-toplevel [11ms]
2024-02-02 13:20:42.202 [info] fatal: not a git repository (or any parent up to mount point /)
Stopping at filesystem boundary (GIT_DISCOVERY_ACROSS_FILESYSTEM not set).
2024-02-02 13:20:42.202 [info] > git rev-parse --show-toplevel [12ms]
2024-02-02 13:20:42.202 [info] fatal: not a git repository (or any of the parent directories): .git
2024-02-02 13:20:42.202 [info] > git rev-parse --show-toplevel [1ms]
2024-02-02 13:20:42.202 [info] fatal: not a git repository (or any of the parent directories): .git
2024-02-02 13:20:42.224 [info] > git rev-parse --show-toplevel [1ms]
2024-02-02 13:20:42.224 [info] fatal: not a git repository (or any of the parent directories): .git
2024-02-02 13:20:42.371 [info] > git rev-parse --show-toplevel [128ms]
2024-02-02 13:20:42.371 [info] fatal: not a git repository (or any of the parent directories): .git
2024-02-02 13:20:42.431 [info] > git rev-parse --show-toplevel [43ms]
2024-02-02 13:20:42.431 [info] fatal: not a git repository (or any of the parent directories): .git
2024-02-02 13:20:42.464 [info] > git rev-parse --show-toplevel [5ms]
2024-02-02 13:20:42.464 [info] fatal: not a git repository (or any of the parent directories): .git
2024-02-02 13:20:42.544 [info] > git rev-parse --show-toplevel [51ms]
2024-02-02 13:20:42.544 [info] fatal: not a git repository (or any parent up to mount point /)
Stopping at filesystem boundary (GIT_DISCOVERY_ACROSS_FILESYSTEM not set).
2024-02-02 13:20:42.634 [info] > git rev-parse --show-toplevel [2ms]
2024-02-02 13:20:42.634 [info] fatal: not a git repository (or any of the parent directories): .git
2024-02-02 13:20:42.682 [info] > git rev-parse --show-toplevel [16ms]
2024-02-02 13:20:42.682 [info] fatal: not a git repository (or any parent up to mount point /)
Stopping at filesystem boundary (GIT_DISCOVERY_ACROSS_FILESYSTEM not set).
2024-02-02 13:20:42.718 [info] > git rev-parse --show-toplevel [5ms]
2024-02-02 13:20:42.718 [info] fatal: not a git repository (or any of the parent directories): .git
2024-02-02 13:20:42.746 [info] > git rev-parse --show-toplevel [2ms]
2024-02-02 13:20:42.746 [info] fatal: not a git repository (or any of the parent directories): .git
2024-02-02 13:20:42.822 [info] > git rev-parse --show-toplevel [6ms]
2024-02-02 13:20:42.822 [info] fatal: not a git repository (or any parent up to mount point /)
Stopping at filesystem boundary (GIT_DISCOVERY_ACROSS_FILESYSTEM not set).
2024-02-02 13:20:42.844 [info] > git rev-parse --show-toplevel [1ms]
2024-02-02 13:20:42.844 [info] fatal: not a git repository (or any of the parent directories): .git
2024-02-02 13:20:42.875 [info] > git rev-parse --show-toplevel [7ms]
2024-02-02 13:20:42.875 [info] fatal: not a git repository (or any of the parent directories): .git
2024-02-02 13:20:42.921 [info] > git rev-parse --show-toplevel [7ms]
2024-02-02 13:20:42.922 [info] fatal: not a git repository (or any of the parent directories): .git
2024-02-02 13:20:43.955 [info] > git rev-parse --show-toplevel [2ms]
2024-02-02 13:20:43.955 [info] fatal: not a git repository (or any of the parent directories): .git
2024-02-02 13:21:54.474 [info] > git rev-parse --show-toplevel [5ms]
2024-02-02 13:21:54.474 [info] fatal: not a git repository (or any of the parent directories): .git
2024-02-02 13:21:58.743 [info] > git rev-parse --show-toplevel [14ms]
2024-02-02 13:21:58.744 [info] fatal: not a git repository (or any of the parent directories): .git
2024-02-02 13:21:59.487 [info] > git rev-parse --show-toplevel [10ms]
2024-02-02 13:21:59.488 [info] fatal: not a git repository (or any of the parent directories): .git
2024-02-02 13:22:06.478 [info] > git rev-parse --show-toplevel [23ms]
2024-02-02 13:22:06.478 [info] fatal: not a git repository (or any of the parent directories): .git
2024-02-02 13:22:10.491 [info] > git rev-parse --show-toplevel [2ms]
2024-02-02 13:22:10.492 [info] fatal: not a git repository (or any of the parent directories): .git
2024-02-02 13:22:11.809 [info] > git rev-parse --show-toplevel [21ms]
2024-02-02 13:22:11.809 [info] fatal: not a git repository (or any of the parent directories): .git
2024-02-02 13:22:14.871 [info] > git rev-parse --show-toplevel [35ms]
2024-02-02 13:22:14.872 [info] fatal: not a git repository (or any of the parent directories): .git
2024-02-02 13:22:15.951 [info] > git rev-parse --show-toplevel [44ms]
2024-02-02 13:22:15.951 [info] fatal: not a git repository (or any of the parent directories): .git
2024-02-02 13:22:16.129 [info] > git rev-parse --show-toplevel [28ms]
2024-02-02 13:22:16.129 [info] fatal: not a git repository (or any of the parent directories): .git
2024-02-02 13:22:18.086 [info] > git rev-parse --show-toplevel [39ms]
2024-02-02 13:22:18.086 [info] fatal: not a git repository (or any of the parent directories): .git
2024-02-02 13:22:19.653 [info] > git rev-parse --show-toplevel [57ms]
2024-02-02 13:22:19.654 [info] fatal: not a git repository (or any of the parent directories): .git
2024-02-02 13:22:25.505 [info] > git rev-parse --show-toplevel [17ms]
2024-02-02 13:22:25.505 [info] fatal: not a git repository (or any of the parent directories): .git
2024-02-02 13:22:26.758 [info] > git rev-parse --show-toplevel [17ms]
2024-02-02 13:22:26.758 [info] fatal: not a git repository (or any of the parent directories): .git
2024-02-02 13:22:30.632 [info] > git rev-parse --show-toplevel [11ms]
2024-02-02 13:22:30.632 [info] fatal: not a git repository (or any of the parent directories): .git
2024-02-02 13:22:42.826 [info] > git rev-parse --show-toplevel [12ms]
2024-02-02 13:22:42.826 [info] fatal: not a git repository (or any of the parent directories): .git
2024-02-02 13:22:45.893 [info] > git rev-parse --show-toplevel [60ms]
2024-02-02 13:22:45.894 [info] fatal: not a git repository (or any of the parent directories): .git
